<?xml version="1.0" encoding="UTF-8"?>
<testsuites name="jest tests" tests="1" failures="1" errors="0" time="1.372">
  <testsuite name="AppController" errors="0" failures="1" skipped="0" timestamp="2022-07-06T18:50:52" time="0.447" tests="1">
    <testcase classname="AppController root should return &quot;Hello World!&quot;" name="AppController root should return &quot;Hello World!&quot;" time="0.006">
      <failure>TypeError: Cannot read properties of undefined (reading &apos;getHello&apos;)
    at AppController.getHello (/Users/roger/Development/amm-services/apps/inventory/module/src/app.controller.js:16:32)
    at Object.&lt;anonymous&gt; (/Users/roger/Development/amm-services/apps/inventory/module/src/app.controller.spec.js:17:34)
    at Promise.then.completed (/Users/roger/.config/yarn/global/node_modules/jest-circus/build/utils.js:390:28)
    at new Promise (&lt;anonymous&gt;)
    at callAsyncCircusFn (/Users/roger/.config/yarn/global/node_modules/jest-circus/build/utils.js:315:10)
    at _callCircusTest (/Users/roger/.config/yarn/global/node_modules/jest-circus/build/run.js:218:40)
    at processTicksAndRejections (node:internal/process/task_queues:95:5)
    at _runTest (/Users/roger/.config/yarn/global/node_modules/jest-circus/build/run.js:155:3)
    at _runTestsForDescribeBlock (/Users/roger/.config/yarn/global/node_modules/jest-circus/build/run.js:66:9)
    at _runTestsForDescribeBlock (/Users/roger/.config/yarn/global/node_modules/jest-circus/build/run.js:60:9)</failure>
    </testcase>
  </testsuite>
</testsuites>